Using pre-set license
Built from '2020.3/release' branch; Version is '2020.3.1f1 (77a89f25062f) revision 7841951'; Using compiler version '192528614'; Build Type 'Release'
OS: 'Windows 10 Home Single Language; OS build 19042.1348; Version 2009; 64bit' Language: 'ru' Physical Memory: 32622 MB
BatchMode: 1, IsHumanControllingUs: 0, StartBugReporterOnCrash: 0, Is64bit: 1, IsPro: 0

 COMMAND LINE ARGUMENTS:
D:\Unity\2020.3.1f1\Editor\Unity.exe
-adb2
-batchMode
-noUpm
-name
AssetImportWorker0
-projectPath
D:/GitHub/My-Space-Defend-Station
-logFile
Logs/AssetImportWorker0.log
-srvPort
54267
Successfully changed project path to: D:/GitHub/My-Space-Defend-Station
D:/GitHub/My-Space-Defend-Station
Using Asset Import Pipeline V2.
Refreshing native plugins compatible for Editor in 41.89 ms, found 1 plugins.
Preloading 0 native plugins for Editor in 0.00 ms.
Initialize engine version: 2020.3.1f1 (77a89f25062f)
[Subsystems] Discovering subsystems at path D:/Unity/2020.3.1f1/Editor/Data/Resources/UnitySubsystems
[Subsystems] Discovering subsystems at path D:/GitHub/My-Space-Defend-Station/Assets
GfxDevice: creating device client; threaded=0
Direct3D:
    Version:  Direct3D 11.0 [level 11.1]
    Renderer: NVIDIA GeForce GTX 1060 (ID=0x1c20)
    Vendor:   
    VRAM:     2987 MB
    Driver:   30.0.14.9676
Initialize mono
Mono path[0] = 'D:/Unity/2020.3.1f1/Editor/Data/Managed'
Mono path[1] = 'D:/Unity/2020.3.1f1/Editor/Data/MonoBleedingEdge/lib/mono/unityjit'
Mono config path = 'D:/Unity/2020.3.1f1/Editor/Data/MonoBleedingEdge/etc'
Using monoOptions --debugger-agent=transport=dt_socket,embedding=1,server=y,suspend=n,address=127.0.0.1:56032
Begin MonoManager ReloadAssembly
Registering precompiled unity dll's ...
Register platform support module: D:/Unity/2020.3.1f1/Editor/Data/PlaybackEngines/WebGLSupport/UnityEditor.WebGL.Extensions.dll
Register platform support module: D:/Unity/2020.3.1f1/Editor/Data/PlaybackEngines/WindowsStandaloneSupport/UnityEditor.WindowsStandalone.Extensions.dll
Registered in 0.002612 seconds.
Native extension for WindowsStandalone target not found
Native extension for WebGL target not found
Refreshing native plugins compatible for Editor in 33.94 ms, found 1 plugins.
Preloading 0 native plugins for Editor in 0.00 ms.
Invoked RoslynAnalysisRunner static constructor.
RoslynAnalysisRunner will not be running.
RoslynAnalysisRunner has terminated.
Mono: successfully reloaded assembly
- Completed reload, in  1.649 seconds
Platform modules already initialized, skipping
Registering precompiled user dll's ...
Registered in 0.001122 seconds.
Begin MonoManager ReloadAssembly
Native extension for WindowsStandalone target not found
Native extension for WebGL target not found
Refreshing native plugins compatible for Editor in 38.27 ms, found 1 plugins.
Preloading 0 native plugins for Editor in 0.00 ms.
Invoked RoslynAnalysisRunner static constructor.
RoslynAnalysisRunner will not be running.
RoslynAnalysisRunner has terminated.
Mono: successfully reloaded assembly
- Completed reload, in  1.042 seconds
Platform modules already initialized, skipping
========================================================================
Worker process is ready to serve import requests
Launched and connected shader compiler UnityShaderCompiler.exe after 0.06 seconds
Refreshing native plugins compatible for Editor in 0.69 ms, found 1 plugins.
Preloading 0 native plugins for Editor in 0.00 ms.
Unloading 1827 Unused Serialized files (Serialized files now loaded: 0)
System memory in use before: 86.8 MB.
System memory in use after: 86.8 MB.

Unloading 24 unused Assets to reduce memory usage. Loaded Objects now: 2271.
Total: 5.100300 ms (FindLiveObjects: 0.298600 ms CreateObjectMapping: 0.131200 ms MarkObjects: 4.476900 ms  DeleteObjects: 0.191700 ms)

========================================================================
Received Import Request.
  path: Assets/Prefab/EnemyDefault 1.prefab
  artifactKey: Guid(5f3aeda0f817b704ea832659bfb42527) Importer(815301076,1909f56bfc062723c751e8b465ee728b)
Start importing Assets/Prefab/EnemyDefault 1.prefab using Guid(5f3aeda0f817b704ea832659bfb42527) Importer(815301076,1909f56bfc062723c751e8b465ee728b)  -> (artifact id: 'cdda2eb593a184f9022deac796fb6d08') in 0.218704 seconds
  Import took 0.224585 seconds .

========================================================================
Received Import Request.
  Time since last request: 5.382899 seconds.
  path: Assets/Prefab/EnemySpeeder.prefab
  artifactKey: Guid(5f3aeda0f817b704ea832659bfb42527) Importer(815301076,1909f56bfc062723c751e8b465ee728b)
Start importing Assets/Prefab/EnemySpeeder.prefab using Guid(5f3aeda0f817b704ea832659bfb42527) Importer(815301076,1909f56bfc062723c751e8b465ee728b)  -> (artifact id: 'e61c331dd4a94a279dd54017835ad7ba') in 0.010573 seconds
  Import took 0.033327 seconds .

========================================================================
Received Import Request.
  Time since last request: 0.025643 seconds.
  path: Assets/Prefab/EnemySpeeder.prefab
  artifactKey: Guid(5f3aeda0f817b704ea832659bfb42527) Importer(815301076,1909f56bfc062723c751e8b465ee728b)
Start importing Assets/Prefab/EnemySpeeder.prefab using Guid(5f3aeda0f817b704ea832659bfb42527) Importer(815301076,1909f56bfc062723c751e8b465ee728b)  -> (artifact id: 'e61c331dd4a94a279dd54017835ad7ba') in 0.034301 seconds
  Import took 0.038013 seconds .

========================================================================
Received Import Request.
  Time since last request: 5.402243 seconds.
  path: Assets/Prefab/EnemySpeeder.prefab
  artifactKey: Guid(5f3aeda0f817b704ea832659bfb42527) Importer(815301076,1909f56bfc062723c751e8b465ee728b)
Start importing Assets/Prefab/EnemySpeeder.prefab using Guid(5f3aeda0f817b704ea832659bfb42527) Importer(815301076,1909f56bfc062723c751e8b465ee728b)  -> (artifact id: 'e3403e4f579626e877de752d4bc35754') in 0.011211 seconds
  Import took 0.015090 seconds .

========================================================================
Received Import Request.
  Time since last request: 0.025252 seconds.
  path: Assets/Prefab/EnemySpeeder.prefab
  artifactKey: Guid(5f3aeda0f817b704ea832659bfb42527) Importer(815301076,1909f56bfc062723c751e8b465ee728b)
Start importing Assets/Prefab/EnemySpeeder.prefab using Guid(5f3aeda0f817b704ea832659bfb42527) Importer(815301076,1909f56bfc062723c751e8b465ee728b)  -> (artifact id: 'e3403e4f579626e877de752d4bc35754') in 0.006531 seconds
  Import took 0.010085 seconds .

========================================================================
Received Import Request.
  Time since last request: 2.060423 seconds.
  path: Assets/Prefab/EnemySpeeder.prefab
  artifactKey: Guid(5f3aeda0f817b704ea832659bfb42527) Importer(815301076,1909f56bfc062723c751e8b465ee728b)
Start importing Assets/Prefab/EnemySpeeder.prefab using Guid(5f3aeda0f817b704ea832659bfb42527) Importer(815301076,1909f56bfc062723c751e8b465ee728b)  -> (artifact id: 'a558dfceb94bcf7382cbf04d17cf5700') in 0.006681 seconds
  Import took 0.045790 seconds .

========================================================================
Received Import Request.
  Time since last request: 4.004652 seconds.
  path: Assets/Prefab/EnemySpeeder.prefab
  artifactKey: Guid(5f3aeda0f817b704ea832659bfb42527) Importer(815301076,1909f56bfc062723c751e8b465ee728b)
Start importing Assets/Prefab/EnemySpeeder.prefab using Guid(5f3aeda0f817b704ea832659bfb42527) Importer(815301076,1909f56bfc062723c751e8b465ee728b)  -> (artifact id: 'f504411e6602d2f8f6e8d167332a2bbc') in 0.009244 seconds
  Import took 0.053926 seconds .

========================================================================
Received Import Request.
  Time since last request: 0.002608 seconds.
  path: Assets/Prefab/EnemySpeeder.prefab
  artifactKey: Guid(5f3aeda0f817b704ea832659bfb42527) Importer(815301076,1909f56bfc062723c751e8b465ee728b)
Start importing Assets/Prefab/EnemySpeeder.prefab using Guid(5f3aeda0f817b704ea832659bfb42527) Importer(815301076,1909f56bfc062723c751e8b465ee728b)  -> (artifact id: 'f504411e6602d2f8f6e8d167332a2bbc') in 0.006662 seconds
  Import took 0.010468 seconds .

========================================================================
Received Import Request.
  Time since last request: 5.229368 seconds.
  path: Assets/Prefab/EnemySpeeder.prefab
  artifactKey: Guid(5f3aeda0f817b704ea832659bfb42527) Importer(815301076,1909f56bfc062723c751e8b465ee728b)
Start importing Assets/Prefab/EnemySpeeder.prefab using Guid(5f3aeda0f817b704ea832659bfb42527) Importer(815301076,1909f56bfc062723c751e8b465ee728b)  -> (artifact id: '5daeb8fc22630fd1156b938d16e027df') in 0.010516 seconds
  Import took 0.049573 seconds .

========================================================================
Received Import Request.
  Time since last request: 2.200798 seconds.
  path: Assets/Prefab/EnemySpeeder.prefab
  artifactKey: Guid(5f3aeda0f817b704ea832659bfb42527) Importer(815301076,1909f56bfc062723c751e8b465ee728b)
Start importing Assets/Prefab/EnemySpeeder.prefab using Guid(5f3aeda0f817b704ea832659bfb42527) Importer(815301076,1909f56bfc062723c751e8b465ee728b)  -> (artifact id: '3956ad6adebac180891cd86010cb2491') in 0.007488 seconds
  Import took 0.010723 seconds .

========================================================================
Received Import Request.
  Time since last request: 0.020928 seconds.
  path: Assets/Prefab/EnemySpeeder.prefab
  artifactKey: Guid(5f3aeda0f817b704ea832659bfb42527) Importer(815301076,1909f56bfc062723c751e8b465ee728b)
Start importing Assets/Prefab/EnemySpeeder.prefab using Guid(5f3aeda0f817b704ea832659bfb42527) Importer(815301076,1909f56bfc062723c751e8b465ee728b)  -> (artifact id: '3956ad6adebac180891cd86010cb2491') in 0.007064 seconds
  Import took 0.010054 seconds .

========================================================================
Received Import Request.
  Time since last request: 18.320571 seconds.
  path: Assets/Prefab/EnemySpeeder.prefab
  artifactKey: Guid(5f3aeda0f817b704ea832659bfb42527) Importer(815301076,1909f56bfc062723c751e8b465ee728b)
Start importing Assets/Prefab/EnemySpeeder.prefab using Guid(5f3aeda0f817b704ea832659bfb42527) Importer(815301076,1909f56bfc062723c751e8b465ee728b)  -> (artifact id: '1c2ee725284058ae359c0af7284bd888') in 0.008163 seconds
  Import took 0.070337 seconds .

========================================================================
Received Import Request.
  Time since last request: 30.509311 seconds.
  path: Assets/Materials/CharactersMaterials/EnemyDefault.mat
  artifactKey: Guid(410f3f448abb2af4a9b85aec06f8dcf3) Importer(815301076,1909f56bfc062723c751e8b465ee728b)
Start importing Assets/Materials/CharactersMaterials/EnemyDefault.mat using Guid(410f3f448abb2af4a9b85aec06f8dcf3) Importer(815301076,1909f56bfc062723c751e8b465ee728b)  -> (artifact id: '427588687234c9857b8220763313faf5') in 0.103092 seconds
  Import took 0.121831 seconds .

========================================================================
Received Import Request.
  Time since last request: 0.000287 seconds.
  path: Assets/Materials/CharactersMaterials/EnemySpeeder.mat
  artifactKey: Guid(4fb7880581b22f94f9035606088a7067) Importer(815301076,1909f56bfc062723c751e8b465ee728b)
Start importing Assets/Materials/CharactersMaterials/EnemySpeeder.mat using Guid(4fb7880581b22f94f9035606088a7067) Importer(815301076,1909f56bfc062723c751e8b465ee728b)  -> (artifact id: 'd6f491a536157da66562d94b974b5e81') in 0.007768 seconds
  Import took 0.036204 seconds .

========================================================================
Received Import Request.
  Time since last request: 5.880700 seconds.
  path: Assets/Prefab/EnemySpeeder.prefab
  artifactKey: Guid(5f3aeda0f817b704ea832659bfb42527) Importer(815301076,1909f56bfc062723c751e8b465ee728b)
Start importing Assets/Prefab/EnemySpeeder.prefab using Guid(5f3aeda0f817b704ea832659bfb42527) Importer(815301076,1909f56bfc062723c751e8b465ee728b)  -> (artifact id: '0f5e2691c508c9ead37173be707e050d') in 0.009362 seconds
  Import took 0.051887 seconds .

========================================================================
Received Import Request.
  Time since last request: 25.017288 seconds.
  path: Assets/Prefab/EnemyWarrior.prefab
  artifactKey: Guid(4969f5151bcda1145b5045f3f99f5ed1) Importer(815301076,1909f56bfc062723c751e8b465ee728b)
Start importing Assets/Prefab/EnemyWarrior.prefab using Guid(4969f5151bcda1145b5045f3f99f5ed1) Importer(815301076,1909f56bfc062723c751e8b465ee728b)  -> (artifact id: '87feadb70ea8222998e98354eab16d6e') in 0.009088 seconds
  Import took 0.051694 seconds .

========================================================================
Received Import Request.
  Time since last request: 9.329619 seconds.
  path: Assets/Prefab/EnemyDefault 1.prefab
  artifactKey: Guid(c288f565733fef946b7d0c24d66e006e) Importer(815301076,1909f56bfc062723c751e8b465ee728b)
Start importing Assets/Prefab/EnemyDefault 1.prefab using Guid(c288f565733fef946b7d0c24d66e006e) Importer(815301076,1909f56bfc062723c751e8b465ee728b)  -> (artifact id: '342b2cd3b93234a142a66acc54dcf855') in 0.008205 seconds
  Import took 0.041362 seconds .

========================================================================
Received Import Request.
  Time since last request: 0.007790 seconds.
  path: Assets/Prefab/EnemyDefault 1.prefab
  artifactKey: Guid(c288f565733fef946b7d0c24d66e006e) Importer(815301076,1909f56bfc062723c751e8b465ee728b)
Start importing Assets/Prefab/EnemyDefault 1.prefab using Guid(c288f565733fef946b7d0c24d66e006e) Importer(815301076,1909f56bfc062723c751e8b465ee728b)  -> (artifact id: '342b2cd3b93234a142a66acc54dcf855') in 0.007405 seconds
  Import took 0.010641 seconds .

========================================================================
Received Import Request.
  Time since last request: 8.293410 seconds.
  path: Assets/Prefab/EnemyHeavy.prefab
  artifactKey: Guid(c288f565733fef946b7d0c24d66e006e) Importer(815301076,1909f56bfc062723c751e8b465ee728b)
Start importing Assets/Prefab/EnemyHeavy.prefab using Guid(c288f565733fef946b7d0c24d66e006e) Importer(815301076,1909f56bfc062723c751e8b465ee728b)  -> (artifact id: 'adc13b6dc76e9b70f3d72bf6a83a0452') in 0.008606 seconds
  Import took 0.060354 seconds .

========================================================================
Received Import Request.
  Time since last request: 58.702701 seconds.
  path: Assets/Materials/CharactersMaterials/EnemHeavy.mat
  artifactKey: Guid(a33b985c034b97d468d7853d253512e8) Importer(815301076,1909f56bfc062723c751e8b465ee728b)
Start importing Assets/Materials/CharactersMaterials/EnemHeavy.mat using Guid(a33b985c034b97d468d7853d253512e8) Importer(815301076,1909f56bfc062723c751e8b465ee728b)  -> (artifact id: 'ef7edbf5371e8e346c9fbb7e39414837') in 0.009262 seconds
  Import took 0.013699 seconds .

========================================================================
Received Import Request.
  Time since last request: 7.058522 seconds.
  path: Assets/Prefab/EnemyHeavy.prefab
  artifactKey: Guid(c288f565733fef946b7d0c24d66e006e) Importer(815301076,1909f56bfc062723c751e8b465ee728b)
Start importing Assets/Prefab/EnemyHeavy.prefab using Guid(c288f565733fef946b7d0c24d66e006e) Importer(815301076,1909f56bfc062723c751e8b465ee728b)  -> (artifact id: '2b7e83a8466bc80295f8850805ea1c28') in 0.009132 seconds
  Import took 0.066004 seconds .

========================================================================
Received Import Request.
  Time since last request: 6.161738 seconds.
  path: Assets/Prefab/EnemyHeavy.prefab
  artifactKey: Guid(c288f565733fef946b7d0c24d66e006e) Importer(815301076,1909f56bfc062723c751e8b465ee728b)
Start importing Assets/Prefab/EnemyHeavy.prefab using Guid(c288f565733fef946b7d0c24d66e006e) Importer(815301076,1909f56bfc062723c751e8b465ee728b)  -> (artifact id: '35fad62f59d4c76874b887cab36f181a') in 0.011411 seconds
  Import took 0.018639 seconds .

========================================================================
Received Import Request.
  Time since last request: 0.027951 seconds.
  path: Assets/Prefab/EnemyHeavy.prefab
  artifactKey: Guid(c288f565733fef946b7d0c24d66e006e) Importer(815301076,1909f56bfc062723c751e8b465ee728b)
Start importing Assets/Prefab/EnemyHeavy.prefab using Guid(c288f565733fef946b7d0c24d66e006e) Importer(815301076,1909f56bfc062723c751e8b465ee728b)  -> (artifact id: '35fad62f59d4c76874b887cab36f181a') in 0.006886 seconds
  Import took 0.010785 seconds .

========================================================================
Received Import Request.
  Time since last request: 7.582995 seconds.
  path: Assets/Prefab/EnemyHeavy.prefab
  artifactKey: Guid(c288f565733fef946b7d0c24d66e006e) Importer(815301076,1909f56bfc062723c751e8b465ee728b)
Start importing Assets/Prefab/EnemyHeavy.prefab using Guid(c288f565733fef946b7d0c24d66e006e) Importer(815301076,1909f56bfc062723c751e8b465ee728b)  -> (artifact id: '587aac3b83ac55e5acaef97ff772717b') in 0.008845 seconds
  Import took 0.059867 seconds .

========================================================================
Received Import Request.
  Time since last request: 0.936523 seconds.
  path: Assets/Prefab/EnemyHeavy.prefab
  artifactKey: Guid(c288f565733fef946b7d0c24d66e006e) Importer(815301076,1909f56bfc062723c751e8b465ee728b)
Start importing Assets/Prefab/EnemyHeavy.prefab using Guid(c288f565733fef946b7d0c24d66e006e) Importer(815301076,1909f56bfc062723c751e8b465ee728b)  -> (artifact id: 'e580ab13b40939e8a8ef7f8d7764b653') in 0.006454 seconds
  Import took 0.009508 seconds .

========================================================================
Received Import Request.
  Time since last request: 0.019373 seconds.
  path: Assets/Prefab/EnemyHeavy.prefab
  artifactKey: Guid(c288f565733fef946b7d0c24d66e006e) Importer(815301076,1909f56bfc062723c751e8b465ee728b)
Start importing Assets/Prefab/EnemyHeavy.prefab using Guid(c288f565733fef946b7d0c24d66e006e) Importer(815301076,1909f56bfc062723c751e8b465ee728b)  -> (artifact id: 'e580ab13b40939e8a8ef7f8d7764b653') in 0.007269 seconds
  Import took 0.010809 seconds .

========================================================================
Received Import Request.
  Time since last request: 10.730074 seconds.
  path: Assets/Prefab/EnemyHeavy.prefab
  artifactKey: Guid(c288f565733fef946b7d0c24d66e006e) Importer(815301076,1909f56bfc062723c751e8b465ee728b)
Start importing Assets/Prefab/EnemyHeavy.prefab using Guid(c288f565733fef946b7d0c24d66e006e) Importer(815301076,1909f56bfc062723c751e8b465ee728b)  -> (artifact id: 'fab7b18451c9df318fe2d434ebc17d99') in 0.009283 seconds
  Import took 0.013085 seconds .

========================================================================
Received Import Request.
  Time since last request: 0.023536 seconds.
  path: Assets/Prefab/EnemyHeavy.prefab
  artifactKey: Guid(c288f565733fef946b7d0c24d66e006e) Importer(815301076,1909f56bfc062723c751e8b465ee728b)
Start importing Assets/Prefab/EnemyHeavy.prefab using Guid(c288f565733fef946b7d0c24d66e006e) Importer(815301076,1909f56bfc062723c751e8b465ee728b)  -> (artifact id: 'fab7b18451c9df318fe2d434ebc17d99') in 0.008947 seconds
  Import took 0.012639 seconds .

========================================================================
Received Import Request.
  Time since last request: 8.837137 seconds.
  path: Assets/Prefab/EnemyHeavy.prefab
  artifactKey: Guid(c288f565733fef946b7d0c24d66e006e) Importer(815301076,1909f56bfc062723c751e8b465ee728b)
Start importing Assets/Prefab/EnemyHeavy.prefab using Guid(c288f565733fef946b7d0c24d66e006e) Importer(815301076,1909f56bfc062723c751e8b465ee728b)  -> (artifact id: 'c1a7f8b719244ec4b74fee4927d4581b') in 0.009579 seconds
  Import took 0.026159 seconds .

========================================================================
Received Import Request.
  Time since last request: 0.012347 seconds.
  path: Assets/Prefab/EnemyHeavy.prefab
  artifactKey: Guid(c288f565733fef946b7d0c24d66e006e) Importer(815301076,1909f56bfc062723c751e8b465ee728b)
Start importing Assets/Prefab/EnemyHeavy.prefab using Guid(c288f565733fef946b7d0c24d66e006e) Importer(815301076,1909f56bfc062723c751e8b465ee728b)  -> (artifact id: 'c1a7f8b719244ec4b74fee4927d4581b') in 0.008409 seconds
  Import took 0.012354 seconds .

========================================================================
Received Import Request.
  Time since last request: 1.733036 seconds.
  path: Assets/Prefab/EnemyHeavy.prefab
  artifactKey: Guid(c288f565733fef946b7d0c24d66e006e) Importer(815301076,1909f56bfc062723c751e8b465ee728b)
Start importing Assets/Prefab/EnemyHeavy.prefab using Guid(c288f565733fef946b7d0c24d66e006e) Importer(815301076,1909f56bfc062723c751e8b465ee728b)  -> (artifact id: '1315d9158f208946ac538df8fc9f4fa3') in 0.008983 seconds
  Import took 0.012464 seconds .

========================================================================
Received Import Request.
  Time since last request: 0.021339 seconds.
  path: Assets/Prefab/EnemyHeavy.prefab
  artifactKey: Guid(c288f565733fef946b7d0c24d66e006e) Importer(815301076,1909f56bfc062723c751e8b465ee728b)
Start importing Assets/Prefab/EnemyHeavy.prefab using Guid(c288f565733fef946b7d0c24d66e006e) Importer(815301076,1909f56bfc062723c751e8b465ee728b)  -> (artifact id: '1315d9158f208946ac538df8fc9f4fa3') in 0.009018 seconds
  Import took 0.013383 seconds .

========================================================================
Received Import Request.
  Time since last request: 9.034983 seconds.
  path: Assets/Prefab/EnemyHeavy.prefab
  artifactKey: Guid(c288f565733fef946b7d0c24d66e006e) Importer(815301076,1909f56bfc062723c751e8b465ee728b)
Start importing Assets/Prefab/EnemyHeavy.prefab using Guid(c288f565733fef946b7d0c24d66e006e) Importer(815301076,1909f56bfc062723c751e8b465ee728b)  -> (artifact id: '21f6e3e198ed033b20916a9c279be98b') in 0.008931 seconds
  Import took 0.042730 seconds .

========================================================================
Received Import Request.
  Time since last request: 0.003895 seconds.
  path: Assets/Prefab/EnemyHeavy.prefab
  artifactKey: Guid(c288f565733fef946b7d0c24d66e006e) Importer(815301076,1909f56bfc062723c751e8b465ee728b)
Start importing Assets/Prefab/EnemyHeavy.prefab using Guid(c288f565733fef946b7d0c24d66e006e) Importer(815301076,1909f56bfc062723c751e8b465ee728b)  -> (artifact id: '21f6e3e198ed033b20916a9c279be98b') in 0.008016 seconds
  Import took 0.011229 seconds .

========================================================================
Received Import Request.
  Time since last request: 1.835035 seconds.
  path: Assets/Prefab/EnemyHeavy.prefab
  artifactKey: Guid(c288f565733fef946b7d0c24d66e006e) Importer(815301076,1909f56bfc062723c751e8b465ee728b)
Start importing Assets/Prefab/EnemyHeavy.prefab using Guid(c288f565733fef946b7d0c24d66e006e) Importer(815301076,1909f56bfc062723c751e8b465ee728b)  -> (artifact id: '949f4f76a1ba4b2c4cddf77a0c4dd1aa') in 0.006889 seconds
  Import took 0.020989 seconds .

========================================================================
Received Import Request.
  Time since last request: 0.010559 seconds.
  path: Assets/Prefab/EnemyHeavy.prefab
  artifactKey: Guid(c288f565733fef946b7d0c24d66e006e) Importer(815301076,1909f56bfc062723c751e8b465ee728b)
Start importing Assets/Prefab/EnemyHeavy.prefab using Guid(c288f565733fef946b7d0c24d66e006e) Importer(815301076,1909f56bfc062723c751e8b465ee728b)  -> (artifact id: '949f4f76a1ba4b2c4cddf77a0c4dd1aa') in 0.006434 seconds
  Import took 0.009704 seconds .

========================================================================
Received Import Request.
  Time since last request: 14.188521 seconds.
  path: Assets/Prefab/EnemySpeeder.prefab
  artifactKey: Guid(5f3aeda0f817b704ea832659bfb42527) Importer(815301076,1909f56bfc062723c751e8b465ee728b)
Start importing Assets/Prefab/EnemySpeeder.prefab using Guid(5f3aeda0f817b704ea832659bfb42527) Importer(815301076,1909f56bfc062723c751e8b465ee728b)  -> (artifact id: '9cbbea0ca2a918990bbfdabe8ebb9d8a') in 0.009246 seconds
  Import took 0.013424 seconds .

========================================================================
Received Import Request.
  Time since last request: 0.027679 seconds.
  path: Assets/Prefab/EnemySpeeder.prefab
  artifactKey: Guid(5f3aeda0f817b704ea832659bfb42527) Importer(815301076,1909f56bfc062723c751e8b465ee728b)
Start importing Assets/Prefab/EnemySpeeder.prefab using Guid(5f3aeda0f817b704ea832659bfb42527) Importer(815301076,1909f56bfc062723c751e8b465ee728b)  -> (artifact id: '9cbbea0ca2a918990bbfdabe8ebb9d8a') in 0.009296 seconds
  Import took 0.013135 seconds .

========================================================================
Received Prepare
Registering precompiled user dll's ...
Registered in 0.001087 seconds.
Begin MonoManager ReloadAssembly
Native extension for WindowsStandalone target not found
Native extension for WebGL target not found
Refreshing native plugins compatible for Editor in 0.41 ms, found 1 plugins.
Preloading 0 native plugins for Editor in 0.00 ms.
Invoked RoslynAnalysisRunner static constructor.
RoslynAnalysisRunner will not be running.
RoslynAnalysisRunner has terminated.
Mono: successfully reloaded assembly
- Completed reload, in  0.893 seconds
Platform modules already initialized, skipping
Refreshing native plugins compatible for Editor in 0.40 ms, found 1 plugins.
Preloading 0 native plugins for Editor in 0.00 ms.
Unloading 1809 Unused Serialized files (Serialized files now loaded: 0)
System memory in use before: 89.1 MB.
System memory in use after: 89.1 MB.

Unloading 12 unused Assets to reduce memory usage. Loaded Objects now: 2315.
Total: 3.192200 ms (FindLiveObjects: 0.336000 ms CreateObjectMapping: 0.131400 ms MarkObjects: 2.590000 ms  DeleteObjects: 0.133300 ms)

========================================================================
Received Import Request.
  Time since last request: 62.294505 seconds.
  path: Assets/Prefab/EnemySpeeder.prefab
  artifactKey: Guid(5f3aeda0f817b704ea832659bfb42527) Importer(815301076,1909f56bfc062723c751e8b465ee728b)
Start importing Assets/Prefab/EnemySpeeder.prefab using Guid(5f3aeda0f817b704ea832659bfb42527) Importer(815301076,1909f56bfc062723c751e8b465ee728b)  -> (artifact id: '6c389108cac56ca5f322552ece567e90') in 0.056607 seconds
  Import took 0.168698 seconds .

========================================================================
Received Import Request.
  Time since last request: 5.787435 seconds.
  path: Assets/Prefab/EnemyHeavy.prefab
  artifactKey: Guid(c288f565733fef946b7d0c24d66e006e) Importer(815301076,1909f56bfc062723c751e8b465ee728b)
Start importing Assets/Prefab/EnemyHeavy.prefab using Guid(c288f565733fef946b7d0c24d66e006e) Importer(815301076,1909f56bfc062723c751e8b465ee728b)  -> (artifact id: 'e928bd0919321abc9fe4540c13029db6') in 0.008288 seconds
  Import took 0.011835 seconds .

========================================================================
Received Import Request.
  Time since last request: 7.254616 seconds.
  path: Assets/Prefab/EnemySpeeder.prefab
  artifactKey: Guid(5f3aeda0f817b704ea832659bfb42527) Importer(815301076,1909f56bfc062723c751e8b465ee728b)
Start importing Assets/Prefab/EnemySpeeder.prefab using Guid(5f3aeda0f817b704ea832659bfb42527) Importer(815301076,1909f56bfc062723c751e8b465ee728b)  -> (artifact id: 'dd3e4b781208815f7dc4256333c9a1c9') in 0.008516 seconds
  Import took 0.031203 seconds .

========================================================================
Received Import Request.
  Time since last request: 3.146080 seconds.
  path: Assets/Prefab/EnemySpeeder.prefab
  artifactKey: Guid(5f3aeda0f817b704ea832659bfb42527) Importer(815301076,1909f56bfc062723c751e8b465ee728b)
Start importing Assets/Prefab/EnemySpeeder.prefab using Guid(5f3aeda0f817b704ea832659bfb42527) Importer(815301076,1909f56bfc062723c751e8b465ee728b)  -> (artifact id: '8acd3ebf52640fcbfa80ca3d028a44ac') in 0.012561 seconds
  Import took 0.026912 seconds .

========================================================================
Received Prepare
Registering precompiled user dll's ...
Registered in 0.001319 seconds.
Begin MonoManager ReloadAssembly
Native extension for WindowsStandalone target not found
Native extension for WebGL target not found
Refreshing native plugins compatible for Editor in 0.39 ms, found 1 plugins.
Preloading 0 native plugins for Editor in 0.00 ms.
Invoked RoslynAnalysisRunner static constructor.
RoslynAnalysisRunner will not be running.
RoslynAnalysisRunner has terminated.
Mono: successfully reloaded assembly
- Completed reload, in  1.017 seconds
Platform modules already initialized, skipping
Refreshing native plugins compatible for Editor in 0.40 ms, found 1 plugins.
Preloading 0 native plugins for Editor in 0.00 ms.
Unloading 1809 Unused Serialized files (Serialized files now loaded: 0)
System memory in use before: 89.2 MB.
System memory in use after: 89.2 MB.

Unloading 12 unused Assets to reduce memory usage. Loaded Objects now: 2320.
Total: 3.077600 ms (FindLiveObjects: 0.221900 ms CreateObjectMapping: 0.091000 ms MarkObjects: 2.624500 ms  DeleteObjects: 0.138700 ms)

========================================================================
Received Import Request.
  Time since last request: 57.329302 seconds.
  path: Assets/Prefab/EnemyHeavy.prefab
  artifactKey: Guid(c288f565733fef946b7d0c24d66e006e) Importer(815301076,1909f56bfc062723c751e8b465ee728b)
Start importing Assets/Prefab/EnemyHeavy.prefab using Guid(c288f565733fef946b7d0c24d66e006e) Importer(815301076,1909f56bfc062723c751e8b465ee728b)  -> (artifact id: 'e95cd4f3eaef06a35bacff016604892b') in 0.057964 seconds
  Import took 0.061784 seconds .

========================================================================
Received Import Request.
  Time since last request: 1.428173 seconds.
  path: Assets/Prefab/EnemyHeavy.prefab
  artifactKey: Guid(c288f565733fef946b7d0c24d66e006e) Importer(815301076,1909f56bfc062723c751e8b465ee728b)
Start importing Assets/Prefab/EnemyHeavy.prefab using Guid(c288f565733fef946b7d0c24d66e006e) Importer(815301076,1909f56bfc062723c751e8b465ee728b)  -> (artifact id: '0a573ed4df35afb64751f6915429599c') in 0.009624 seconds
  Import took 0.071558 seconds .

========================================================================
Received Import Request.
  Time since last request: 2.483106 seconds.
  path: Assets/Prefab/EnemyDefault.prefab
  artifactKey: Guid(f1a2b3279f8ca374891dace5ad71665b) Importer(815301076,1909f56bfc062723c751e8b465ee728b)
Start importing Assets/Prefab/EnemyDefault.prefab using Guid(f1a2b3279f8ca374891dace5ad71665b) Importer(815301076,1909f56bfc062723c751e8b465ee728b)  -> (artifact id: 'd3b73eb45d2c12a07a8fbb7b231a2211') in 0.006819 seconds
  Import took 0.042202 seconds .

========================================================================
Received Prepare
Registering precompiled user dll's ...
Registered in 0.001082 seconds.
Begin MonoManager ReloadAssembly
Native extension for WindowsStandalone target not found
Native extension for WebGL target not found
Refreshing native plugins compatible for Editor in 0.33 ms, found 1 plugins.
Preloading 0 native plugins for Editor in 0.00 ms.
Invoked RoslynAnalysisRunner static constructor.
RoslynAnalysisRunner will not be running.
RoslynAnalysisRunner has terminated.
Mono: successfully reloaded assembly
- Completed reload, in  0.937 seconds
Platform modules already initialized, skipping
Refreshing native plugins compatible for Editor in 0.41 ms, found 1 plugins.
Preloading 0 native plugins for Editor in 0.00 ms.
Unloading 1809 Unused Serialized files (Serialized files now loaded: 0)
System memory in use before: 89.2 MB.
System memory in use after: 89.2 MB.

Unloading 12 unused Assets to reduce memory usage. Loaded Objects now: 2325.
Total: 2.005000 ms (FindLiveObjects: 0.176000 ms CreateObjectMapping: 0.054700 ms MarkObjects: 1.683000 ms  DeleteObjects: 0.090500 ms)

========================================================================
Received Import Request.
  Time since last request: 42.406135 seconds.
  path: Assets/Prefab/EnemyWarrior.prefab
  artifactKey: Guid(4969f5151bcda1145b5045f3f99f5ed1) Importer(815301076,1909f56bfc062723c751e8b465ee728b)
Start importing Assets/Prefab/EnemyWarrior.prefab using Guid(4969f5151bcda1145b5045f3f99f5ed1) Importer(815301076,1909f56bfc062723c751e8b465ee728b)  -> (artifact id: '6c16aa95353b945460a42b3fba0419c6') in 0.053895 seconds
  Import took 0.057079 seconds .

